[2025-06-17 13:08:38,842] [INFO] logging in using static token
[2025-06-17 13:08:38,851] [INFO] [31m[1mWARNING: This is a development server. Do not use it in a production deployment. Use a production WSGI server instead.[0m
 * Running on http://127.0.0.1:5000
[2025-06-17 13:08:38,851] [INFO] [33mPress CTRL+C to quit[0m
[2025-06-17 13:08:40,192] [INFO] Shard ID None has connected to Gateway (Session ID: 5899c118bb71dcdf5c3afe1d67ecf85a).
[2025-06-17 13:08:42,197] [ERROR] Ignoring exception in on_ready
Traceback (most recent call last):
  File "/Users/zack/Desktop/programming/redflag_updates/lib/python3.12/site-packages/discord/client.py", line 481, in _run_event
    await coro(*args, **kwargs)
  File "/Users/zack/Desktop/programming/redflag_updates/src/notifier/notifier.py", line 71, in on_ready
    logger.info(http_response(200, 'Success'))
                ^^^^^^^^^^^^^^^^^^^^^^^^^^^^^
  File "/Users/zack/Desktop/programming/redflag_updates/src/notifier/notifier.py", line 54, in http_response
    return jsonify({
           ^^^^^^^^^
  File "/Users/zack/Desktop/programming/redflag_updates/lib/python3.12/site-packages/flask/json/__init__.py", line 170, in jsonify
    return current_app.json.response(*args, **kwargs)  # type: ignore[return-value]
           ^^^^^^^^^^^^^^^^
  File "/Users/zack/Desktop/programming/redflag_updates/lib/python3.12/site-packages/werkzeug/local.py", line 318, in __get__
    obj = instance._get_current_object()
          ^^^^^^^^^^^^^^^^^^^^^^^^^^^^^^
  File "/Users/zack/Desktop/programming/redflag_updates/lib/python3.12/site-packages/werkzeug/local.py", line 519, in _get_current_object
    raise RuntimeError(unbound_message) from None
RuntimeError: Working outside of application context.

This typically means that you attempted to use functionality that needed
the current application. To solve this, set up an application context
with app.app_context(). See the documentation for more information.
[2025-06-17 13:12:43,319] [INFO] logging in using static token
[2025-06-17 13:12:43,327] [INFO] [31m[1mWARNING: This is a development server. Do not use it in a production deployment. Use a production WSGI server instead.[0m
 * Running on http://127.0.0.1:5000
[2025-06-17 13:12:43,327] [INFO] [33mPress CTRL+C to quit[0m
[2025-06-17 13:12:44,825] [INFO] Shard ID None has connected to Gateway (Session ID: 5ae6560eb18ebee87063364a760c313d).
[2025-06-17 13:12:46,850] [ERROR] Ignoring exception in on_ready
Traceback (most recent call last):
  File "/Users/zack/Desktop/programming/redflag_updates/lib/python3.12/site-packages/discord/client.py", line 481, in _run_event
    await coro(*args, **kwargs)
  File "/Users/zack/Desktop/programming/redflag_updates/src/notifier/notifier.py", line 71, in on_ready
    http_as_str(http_response(200, 'Success'))
                ^^^^^^^^^^^^^^^^^^^^^^^^^^^^^
  File "/Users/zack/Desktop/programming/redflag_updates/src/notifier/notifier.py", line 54, in http_response
    return jsonify({
           ^^^^^^^^^
  File "/Users/zack/Desktop/programming/redflag_updates/lib/python3.12/site-packages/flask/json/__init__.py", line 170, in jsonify
    return current_app.json.response(*args, **kwargs)  # type: ignore[return-value]
           ^^^^^^^^^^^^^^^^
  File "/Users/zack/Desktop/programming/redflag_updates/lib/python3.12/site-packages/werkzeug/local.py", line 318, in __get__
    obj = instance._get_current_object()
          ^^^^^^^^^^^^^^^^^^^^^^^^^^^^^^
  File "/Users/zack/Desktop/programming/redflag_updates/lib/python3.12/site-packages/werkzeug/local.py", line 519, in _get_current_object
    raise RuntimeError(unbound_message) from None
RuntimeError: Working outside of application context.

This typically means that you attempted to use functionality that needed
the current application. To solve this, set up an application context
with app.app_context(). See the documentation for more information.
[2025-06-17 13:14:22,935] [INFO] logging in using static token
[2025-06-17 13:14:22,943] [INFO] [31m[1mWARNING: This is a development server. Do not use it in a production deployment. Use a production WSGI server instead.[0m
 * Running on http://127.0.0.1:5000
[2025-06-17 13:14:22,943] [INFO] [33mPress CTRL+C to quit[0m
[2025-06-17 13:14:24,383] [INFO] Shard ID None has connected to Gateway (Session ID: 084bfc3e50b1b57d4aeb6f007d8503bb).
[2025-06-17 13:15:28,342] [INFO] (<Response 21 bytes [200 OK]>, 200)
[2025-06-17 13:15:28,343] [INFO] 127.0.0.1 - - [17/Jun/2025 13:15:28] "POST /notify HTTP/1.1" 200 -
[2025-06-17 13:19:22,341] [INFO] logging in using static token
[2025-06-17 13:19:22,349] [INFO] [31m[1mWARNING: This is a development server. Do not use it in a production deployment. Use a production WSGI server instead.[0m
 * Running on http://127.0.0.1:5000
[2025-06-17 13:19:22,349] [INFO] [33mPress CTRL+C to quit[0m
[2025-06-17 13:19:23,771] [INFO] Shard ID None has connected to Gateway (Session ID: 0e57f7eea785c1f1a86a2373945c1325).
[2025-06-17 13:19:25,784] [INFO] Bot Ready
[2025-06-17 13:19:51,369] [INFO] 127.0.0.1 - - [17/Jun/2025 13:19:51] "POST /notify HTTP/1.1" 200 -
[2025-06-17 13:19:52,023] [INFO] Bot sent message: Hello from the other Python script!
